{"D:\\xd\\study\\node\\lesson06\\main.js":{"path":"D:\\xd\\study\\node\\lesson06\\main.js","s":{"1":1,"2":180,"3":1,"4":179,"5":1,"6":178,"7":1,"8":177,"9":34,"10":143,"11":55,"12":88,"13":1,"14":1,"15":0,"16":0,"17":1,"18":1},"b":{"1":[1,179],"2":[1,178],"3":[1,177],"4":[34,143],"5":[55,88],"6":[0,1]},"f":{},"fnMap":{},"statementMap":{"1":{"start":{"line":3,"column":0},"end":{"line":10,"column":1}},"2":{"start":{"line":4,"column":2},"end":{"line":4,"column":68}},"3":{"start":{"line":4,"column":29},"end":{"line":4,"column":68}},"4":{"start":{"line":5,"column":2},"end":{"line":5,"column":47}},"5":{"start":{"line":5,"column":14},"end":{"line":5,"column":47}},"6":{"start":{"line":6,"column":2},"end":{"line":6,"column":45}},"7":{"start":{"line":6,"column":13},"end":{"line":6,"column":45}},"8":{"start":{"line":7,"column":2},"end":{"line":7,"column":23}},"9":{"start":{"line":7,"column":15},"end":{"line":7,"column":23}},"10":{"start":{"line":8,"column":2},"end":{"line":8,"column":23}},"11":{"start":{"line":8,"column":15},"end":{"line":8,"column":23}},"12":{"start":{"line":9,"column":2},"end":{"line":9,"column":40}},"13":{"start":{"line":12,"column":0},"end":{"line":18,"column":1}},"14":{"start":{"line":13,"column":2},"end":{"line":17,"column":3}},"15":{"start":{"line":15,"column":4},"end":{"line":15,"column":38}},"16":{"start":{"line":16,"column":4},"end":{"line":16,"column":52}},"17":{"start":{"line":20,"column":0},"end":{"line":20,"column":6}},"18":{"start":{"line":22,"column":0},"end":{"line":22,"column":29}}},"branchMap":{"1":{"line":4,"type":"if","locations":[{"start":{"line":4,"column":2},"end":{"line":4,"column":2}},{"start":{"line":4,"column":2},"end":{"line":4,"column":2}}]},"2":{"line":5,"type":"if","locations":[{"start":{"line":5,"column":2},"end":{"line":5,"column":2}},{"start":{"line":5,"column":2},"end":{"line":5,"column":2}}]},"3":{"line":6,"type":"if","locations":[{"start":{"line":6,"column":2},"end":{"line":6,"column":2}},{"start":{"line":6,"column":2},"end":{"line":6,"column":2}}]},"4":{"line":7,"type":"if","locations":[{"start":{"line":7,"column":2},"end":{"line":7,"column":2}},{"start":{"line":7,"column":2},"end":{"line":7,"column":2}}]},"5":{"line":8,"type":"if","locations":[{"start":{"line":8,"column":2},"end":{"line":8,"column":2}},{"start":{"line":8,"column":2},"end":{"line":8,"column":2}}]},"6":{"line":13,"type":"if","locations":[{"start":{"line":13,"column":2},"end":{"line":13,"column":2}},{"start":{"line":13,"column":2},"end":{"line":13,"column":2}}]}}}}